<?xml version="1.0" encoding="UTF-8"?>
<!-- Generated by org.testng.reporters.JUnitReportReporter -->
<testsuite hostname="HUMAIR" failures="0" tests="1" name="runner.TestRunner" time="8.234" errors="0" timestamp="2024-09-12T13:35:06 CDT" skipped="0">
  <testcase classname="runner.TestRunner" name="runScenario" time="8.234"/>
  <system-out/>
</testsuite> <!-- runner.TestRunner -->
